<?xml version="1.0" encoding="UTF-8"?>
<!-- Generated by org.testng.reporters.JUnitReportReporter -->
<testsuite skipped="0" hostname="DESKTOP-23BH7B3" name="testcases.TestSearchField" tests="1" failures="0" timestamp="01 Oct 2017 07:01:34 GMT" time="25.274" errors="0">
  <testcase name="testSearchBox" time="25.274" classname="testcases.TestSearchField"/>
</testsuite> <!-- testcases.TestSearchField -->
