<?xml version="1.0" encoding="UTF-8"?>
<!-- Generated by org.testng.reporters.JUnitReportReporter -->
<testsuite skipped="0" hostname="DESKTOP-23BH7B3" name="testcases.TestHomePage" tests="1" failures="0" timestamp="01 Oct 2017 04:54:21 GMT" time="8.727" errors="0">
  <testcase name="testValidLoginFB" time="8.727" classname="testcases.TestHomePage"/>
</testsuite> <!-- testcases.TestHomePage -->
