<?xml version="1.0" encoding="UTF-8"?>
<!-- Generated by org.testng.reporters.JUnitReportReporter -->
<testsuite skipped="1" hostname="DESKTOP-23BH7B3" name="testcases.TestLogin" tests="1" failures="0" timestamp="01 Oct 2017 04:25:20 GMT" time="0.000" errors="0">
  <testcase name="testLoginFB" time="0.000" classname="testcases.TestLogin">
    <skipped/>
  </testcase> <!-- testLoginFB -->
</testsuite> <!-- testcases.TestLogin -->
